Message: 15.10.2024 08:00:12.775 4084 + shop/0_2037116distrib3
Message: 15.10.2024 08:00:24.590 4084 +++ shop/0_2037116distrib3 app.7z.001
Message: 15.10.2024 08:00:24.590 4084 +++ shop/0_2037116distrib3 manifest.xml.gz
Message: 15.10.2024 08:00:41.569 4084 P shop/0_2037116distrib3
Message: 15.10.2024 08:01:29.969 4084 +++ torrents/patches/0_20371160.xml
Message: 15.10.2024 08:01:30.236 4084 +++ torrents/patches/0_2037116_head.xml
Message: 15.10.2024 08:01:30.498 4084 +++ torrents/patches/0_2037116_t0.xml
Message: 15.10.2024 08:01:30.766 4084 +++ torrents/patches/0_2037116_t_head.xml
Message: 15.10.2024 08:03:14.334 11916 + shop/0_2037116distrib4
Message: 15.10.2024 08:03:28.939 11916 +++ shop/0_2037116distrib4 app.7z.001
Message: 15.10.2024 08:03:28.939 11916 +++ shop/0_2037116distrib4 manifest.xml.gz
Message: 15.10.2024 08:03:45.356 11916 P shop/0_2037116distrib4
Message: 15.10.2024 08:04:33.723 11916 --- torrents/patches/0_2037116_t0.xml
Message: 15.10.2024 08:04:33.814 11916 --- torrents/patches/0_2037116_t_head.xml
Message: 15.10.2024 08:04:34.080 11916 +++ torrents/patches/0_2037116_t0.xml
Message: 15.10.2024 08:04:34.344 11916 +++ torrents/patches/0_2037116_t_head.xml
Message: 15.10.2024 08:04:51.156 11916 - shop/0_2037116distrib3
Message: 15.10.2024 08:13:09.431 2904 + shop/0_2037116distrib5
Message: 15.10.2024 08:13:27.571 2904 +++ shop/0_2037116distrib5 app.7z.001
Message: 15.10.2024 08:13:27.571 2904 +++ shop/0_2037116distrib5 manifest.xml.gz
Message: 15.10.2024 08:13:43.939 2904 P shop/0_2037116distrib5
Message: 15.10.2024 08:14:32.573 2904 --- torrents/patches/0_2037116_t0.xml
Message: 15.10.2024 08:14:32.667 2904 --- torrents/patches/0_2037116_t_head.xml
Message: 15.10.2024 08:14:32.948 2904 +++ torrents/patches/0_2037116_t0.xml
Message: 15.10.2024 08:14:33.226 2904 +++ torrents/patches/0_2037116_t_head.xml
Message: 15.10.2024 08:14:50.216 2904 - shop/0_2037116distrib4
Message: 15.10.2024 08:18:04.737 6876 + shop/0_2037116distrib6
Message: 15.10.2024 08:18:16.482 6876 +++ shop/0_2037116distrib6 app.7z.001
Message: 15.10.2024 08:18:16.482 6876 +++ shop/0_2037116distrib6 manifest.xml.gz
Message: 15.10.2024 08:18:32.635 6876 P shop/0_2037116distrib6
Message: 15.10.2024 08:19:20.727 6876 --- torrents/patches/0_2037116_t0.xml
Message: 15.10.2024 08:19:20.820 6876 --- torrents/patches/0_2037116_t_head.xml
Message: 15.10.2024 08:19:21.085 6876 +++ torrents/patches/0_2037116_t0.xml
Message: 15.10.2024 08:19:21.348 6876 +++ torrents/patches/0_2037116_t_head.xml
Message: 15.10.2024 08:19:38.059 6876 - shop/0_2037116distrib5
